
Attaching package: ‘dplyr’

The following objects are masked from ‘package:stats’:

    filter, lag

The following objects are masked from ‘package:base’:

    intersect, setdiff, setequal, union

[1] "Complete 1 sim. "
[1] "Complete 2 sim. "
[1] "Complete 3 sim. "
[1] "Complete 4 sim. "
[1] "Complete 5 sim. "
[1] "Complete 6 sim. "
[1] "Complete 7 sim. "
[1] "Complete 8 sim. "
[1] "Complete 9 sim. "
[1] "Complete 10 sim. "
[1] "Complete 11 sim. "
[1] "Complete 12 sim. "
[1] "Complete 13 sim. "
[1] "Complete 14 sim. "
[1] "Complete 15 sim. "
[1] "Complete 16 sim. "
[1] "Complete 17 sim. "
[1] "Complete 18 sim. "
[1] "Complete 19 sim. "
[1] "Complete 20 sim. "
[1] "Complete 21 sim. "
[1] "Complete 22 sim. "
[1] "Complete 23 sim. "
[1] "Complete 24 sim. "
[1] "Complete 25 sim. "
[1] "Complete 26 sim. "
[1] "Complete 27 sim. "
[1] "Complete 28 sim. "
[1] "Complete 29 sim. "
[1] "Complete 30 sim. "
[1] "Complete 31 sim. "
[1] "Complete 32 sim. "
[1] "Complete 33 sim. "
[1] "Complete 34 sim. "
[1] "Complete 35 sim. "
[1] "Complete 36 sim. "
[1] "Complete 37 sim. "
[1] "Complete 38 sim. "
[1] "Complete 39 sim. "
[1] "Complete 40 sim. "
[1] "Complete 41 sim. "
[1] "Complete 42 sim. "
[1] "Complete 43 sim. "
[1] "Complete 44 sim. "
[1] "Complete 45 sim. "
[1] "Complete 46 sim. "
[1] "Complete 47 sim. "
[1] "Complete 48 sim. "
[1] "Complete 49 sim. "
[1] "Complete 50 sim. "
[1] "Complete 51 sim. "
[1] "Complete 52 sim. "
[1] "Complete 53 sim. "
[1] "Complete 54 sim. "
[1] "Complete 55 sim. "
[1] "Complete 56 sim. "
[1] "Complete 57 sim. "
[1] "Complete 58 sim. "
[1] "Complete 59 sim. "
[1] "Complete 60 sim. "
[1] "Complete 61 sim. "
[1] "Complete 62 sim. "
[1] "Complete 63 sim. "
[1] "Complete 64 sim. "
[1] "Complete 65 sim. "
[1] "Complete 66 sim. "
[1] "Complete 67 sim. "
[1] "Complete 68 sim. "
[1] "Complete 69 sim. "
[1] "Complete 70 sim. "
[1] "Complete 71 sim. "
[1] "Complete 72 sim. "
[1] "Complete 73 sim. "
[1] "Complete 74 sim. "
[1] "Complete 75 sim. "
[1] "Complete 76 sim. "
[1] "Complete 77 sim. "
[1] "Complete 78 sim. "
[1] "Complete 79 sim. "
[1] "Complete 80 sim. "
[1] "Complete 81 sim. "
[1] "Complete 82 sim. "
[1] "Complete 83 sim. "
[1] "Complete 84 sim. "
[1] "Complete 85 sim. "
[1] "Complete 86 sim. "
[1] "Complete 87 sim. "
[1] "Complete 88 sim. "
[1] "Complete 89 sim. "
[1] "Complete 90 sim. "
[1] "Complete 91 sim. "
[1] "Complete 92 sim. "
[1] "Complete 93 sim. "
[1] "Complete 94 sim. "
[1] "Complete 95 sim. "
[1] "Complete 96 sim. "
[1] "Complete 97 sim. "
[1] "Complete 98 sim. "
[1] "Complete 99 sim. "
[1] "Complete 100 sim. "
[1] "Complete 101 sim. "
[1] "Complete 102 sim. "
[1] "Complete 103 sim. "
[1] "Complete 104 sim. "
[1] "Complete 105 sim. "
[1] "Complete 106 sim. "
[1] "Complete 107 sim. "
[1] "Complete 108 sim. "
[1] "Complete 109 sim. "
[1] "Complete 110 sim. "
[1] "Complete 111 sim. "
[1] "Complete 112 sim. "
[1] "Complete 113 sim. "
[1] "Complete 114 sim. "
[1] "Complete 115 sim. "
[1] "Complete 116 sim. "
[1] "Complete 117 sim. "
[1] "Complete 118 sim. "
[1] "Complete 119 sim. "
[1] "Complete 120 sim. "
[1] "Complete 121 sim. "
[1] "Complete 122 sim. "
[1] "Complete 123 sim. "
[1] "Complete 124 sim. "
[1] "Complete 125 sim. "
[1] "Complete 126 sim. "
[1] "Complete 127 sim. "
[1] "Complete 128 sim. "
[1] "Complete 129 sim. "
[1] "Complete 130 sim. "
[1] "Complete 131 sim. "
[1] "Complete 132 sim. "
[1] "Complete 133 sim. "
[1] "Complete 134 sim. "
[1] "Complete 135 sim. "
[1] "Complete 136 sim. "
[1] "Complete 137 sim. "
[1] "Complete 138 sim. "
[1] "Complete 139 sim. "
[1] "Complete 140 sim. "
[1] "Complete 141 sim. "
[1] "Complete 142 sim. "
[1] "Complete 143 sim. "
[1] "Complete 144 sim. "
[1] "Complete 145 sim. "
[1] "Complete 146 sim. "
[1] "Complete 147 sim. "
[1] "Complete 148 sim. "
[1] "Complete 149 sim. "
[1] "Complete 150 sim. "
[1] "Complete 151 sim. "
[1] "Complete 152 sim. "
[1] "Complete 153 sim. "
[1] "Complete 154 sim. "
[1] "Complete 155 sim. "
[1] "Complete 156 sim. "
[1] "Complete 157 sim. "
[1] "Complete 158 sim. "
[1] "Complete 159 sim. "
[1] "Complete 160 sim. "
[1] "Complete 161 sim. "
[1] "Complete 162 sim. "
[1] "Complete 163 sim. "
[1] "Complete 164 sim. "
[1] "Complete 165 sim. "
[1] "Complete 166 sim. "
[1] "Complete 167 sim. "
[1] "Complete 168 sim. "
[1] "Complete 169 sim. "
[1] "Complete 170 sim. "
[1] "Complete 171 sim. "
[1] "Complete 172 sim. "
[1] "Complete 173 sim. "
[1] "Complete 174 sim. "
[1] "Complete 175 sim. "
[1] "Complete 176 sim. "
[1] "Complete 177 sim. "
[1] "Complete 178 sim. "
[1] "Complete 179 sim. "
[1] "Complete 180 sim. "
[1] "Complete 181 sim. "
[1] "Complete 182 sim. "
[1] "Complete 183 sim. "
[1] "Complete 184 sim. "
[1] "Complete 185 sim. "
[1] "Complete 186 sim. "
[1] "Complete 187 sim. "
[1] "Complete 188 sim. "
[1] "Complete 189 sim. "
[1] "Complete 190 sim. "
[1] "Complete 191 sim. "
[1] "Complete 192 sim. "
[1] "Complete 193 sim. "
[1] "Complete 194 sim. "
[1] "Complete 195 sim. "
[1] "Complete 196 sim. "
[1] "Complete 197 sim. "
[1] "Complete 198 sim. "
[1] "Complete 199 sim. "
[1] "Complete 200 sim. "
[1] "Complete 201 sim. "
[1] "Complete 202 sim. "
[1] "Complete 203 sim. "
[1] "Complete 204 sim. "
[1] "Complete 205 sim. "
[1] "Complete 206 sim. "
[1] "Complete 207 sim. "
[1] "Complete 208 sim. "
[1] "Complete 209 sim. "
[1] "Complete 210 sim. "
[1] "Complete 211 sim. "
[1] "Complete 212 sim. "
[1] "Complete 213 sim. "
[1] "Complete 214 sim. "
[1] "Complete 215 sim. "
[1] "Complete 216 sim. "
[1] "Complete 217 sim. "
[1] "Complete 218 sim. "
[1] "Complete 219 sim. "
[1] "Complete 220 sim. "
[1] "Complete 221 sim. "
[1] "Complete 222 sim. "
[1] "Complete 223 sim. "
[1] "Complete 224 sim. "
[1] "Complete 225 sim. "
[1] "Complete 226 sim. "
[1] "Complete 227 sim. "
[1] "Complete 228 sim. "
[1] "Complete 229 sim. "
[1] "Complete 230 sim. "
[1] "Complete 231 sim. "
[1] "Complete 232 sim. "
[1] "Complete 233 sim. "
[1] "Complete 234 sim. "
[1] "Complete 235 sim. "
[1] "Complete 236 sim. "
[1] "Complete 237 sim. "
[1] "Complete 238 sim. "
[1] "Complete 239 sim. "
[1] "Complete 240 sim. "
[1] "Complete 241 sim. "
[1] "Complete 242 sim. "
[1] "Complete 243 sim. "
[1] "Complete 244 sim. "
[1] "Complete 245 sim. "
[1] "Complete 246 sim. "
[1] "Complete 247 sim. "
[1] "Complete 248 sim. "
[1] "Complete 249 sim. "
[1] "Complete 250 sim. "
[1] "Complete 251 sim. "
[1] "Complete 252 sim. "
[1] "Complete 253 sim. "
[1] "Complete 254 sim. "
[1] "Complete 255 sim. "
[1] "Complete 256 sim. "
[1] "Complete 257 sim. "
[1] "Complete 258 sim. "
[1] "Complete 259 sim. "
[1] "Complete 260 sim. "
[1] "Complete 261 sim. "
[1] "Complete 262 sim. "
[1] "Complete 263 sim. "
[1] "Complete 264 sim. "
[1] "Complete 265 sim. "
[1] "Complete 266 sim. "
[1] "Complete 267 sim. "
[1] "Complete 268 sim. "
[1] "Complete 269 sim. "
[1] "Complete 270 sim. "
[1] "Complete 271 sim. "
[1] "Complete 272 sim. "
[1] "Complete 273 sim. "
[1] "Complete 274 sim. "
[1] "Complete 275 sim. "
[1] "Complete 276 sim. "
[1] "Complete 277 sim. "
[1] "Complete 278 sim. "
[1] "Complete 279 sim. "
[1] "Complete 280 sim. "
[1] "Complete 281 sim. "
[1] "Complete 282 sim. "
[1] "Complete 283 sim. "
[1] "Complete 284 sim. "
[1] "Complete 285 sim. "
[1] "Complete 286 sim. "
[1] "Complete 287 sim. "
[1] "Complete 288 sim. "
[1] "Complete 289 sim. "
[1] "Complete 290 sim. "
[1] "Complete 291 sim. "
[1] "Complete 292 sim. "
[1] "Complete 293 sim. "
[1] "Complete 294 sim. "
[1] "Complete 295 sim. "
[1] "Complete 296 sim. "
[1] "Complete 297 sim. "
[1] "Complete 298 sim. "
[1] "Complete 299 sim. "
[1] "Complete 300 sim. "
[1] "Complete 301 sim. "
[1] "Complete 302 sim. "
[1] "Complete 303 sim. "
[1] "Complete 304 sim. "
[1] "Complete 305 sim. "
[1] "Complete 306 sim. "
[1] "Complete 307 sim. "
[1] "Complete 308 sim. "
[1] "Complete 309 sim. "
[1] "Complete 310 sim. "
[1] "Complete 311 sim. "
[1] "Complete 312 sim. "
[1] "Complete 313 sim. "
[1] "Complete 314 sim. "
[1] "Complete 315 sim. "
[1] "Complete 316 sim. "
[1] "Complete 317 sim. "
[1] "Complete 318 sim. "
[1] "Complete 319 sim. "
[1] "Complete 320 sim. "
[1] "Complete 321 sim. "
[1] "Complete 322 sim. "
[1] "Complete 323 sim. "
[1] "Complete 324 sim. "
[1] "Complete 325 sim. "
[1] "Complete 326 sim. "
[1] "Complete 327 sim. "
[1] "Complete 328 sim. "
[1] "Complete 329 sim. "
[1] "Complete 330 sim. "
[1] "Complete 331 sim. "
[1] "Complete 332 sim. "
[1] "Complete 333 sim. "
[1] "Complete 334 sim. "
[1] "Complete 335 sim. "
[1] "Complete 336 sim. "
[1] "Complete 337 sim. "
[1] "Complete 338 sim. "
[1] "Complete 339 sim. "
[1] "Complete 340 sim. "
[1] "Complete 341 sim. "
[1] "Complete 342 sim. "
[1] "Complete 343 sim. "
[1] "Complete 344 sim. "
[1] "Complete 345 sim. "
[1] "Complete 346 sim. "
[1] "Complete 347 sim. "
[1] "Complete 348 sim. "
[1] "Complete 349 sim. "
[1] "Complete 350 sim. "
[1] "Complete 351 sim. "
[1] "Complete 352 sim. "
[1] "Complete 353 sim. "
[1] "Complete 354 sim. "
[1] "Complete 355 sim. "
[1] "Complete 356 sim. "
[1] "Complete 357 sim. "
[1] "Complete 358 sim. "
[1] "Complete 359 sim. "
[1] "Complete 360 sim. "
[1] "Complete 361 sim. "
[1] "Complete 362 sim. "
[1] "Complete 363 sim. "
[1] "Complete 364 sim. "
[1] "Complete 365 sim. "
[1] "Complete 366 sim. "
[1] "Complete 367 sim. "
[1] "Complete 368 sim. "
[1] "Complete 369 sim. "
[1] "Complete 370 sim. "
[1] "Complete 371 sim. "
[1] "Complete 372 sim. "
[1] "Complete 373 sim. "
[1] "Complete 374 sim. "
[1] "Complete 375 sim. "
[1] "Complete 376 sim. "
[1] "Complete 377 sim. "
[1] "Complete 378 sim. "
[1] "Complete 379 sim. "
[1] "Complete 380 sim. "
[1] "Complete 381 sim. "
[1] "Complete 382 sim. "
[1] "Complete 383 sim. "
[1] "Complete 384 sim. "
[1] "Complete 385 sim. "
[1] "Complete 386 sim. "
[1] "Complete 387 sim. "
[1] "Complete 388 sim. "
[1] "Complete 389 sim. "
[1] "Complete 390 sim. "
[1] "Complete 391 sim. "
[1] "Complete 392 sim. "
[1] "Complete 393 sim. "
[1] "Complete 394 sim. "
[1] "Complete 395 sim. "
[1] "Complete 396 sim. "
[1] "Complete 397 sim. "
[1] "Complete 398 sim. "
[1] "Complete 399 sim. "
[1] "Complete 400 sim. "
[1] "Complete 401 sim. "
[1] "Complete 402 sim. "
[1] "Complete 403 sim. "
[1] "Complete 404 sim. "
[1] "Complete 405 sim. "
[1] "Complete 406 sim. "
[1] "Complete 407 sim. "
[1] "Complete 408 sim. "
[1] "Complete 409 sim. "
[1] "Complete 410 sim. "
[1] "Complete 411 sim. "
[1] "Complete 412 sim. "
[1] "Complete 413 sim. "
[1] "Complete 414 sim. "
[1] "Complete 415 sim. "
[1] "Complete 416 sim. "
[1] "Complete 417 sim. "
[1] "Complete 418 sim. "
[1] "Complete 419 sim. "
[1] "Complete 420 sim. "
[1] "Complete 421 sim. "
[1] "Complete 422 sim. "
[1] "Complete 423 sim. "
[1] "Complete 424 sim. "
[1] "Complete 425 sim. "
[1] "Complete 426 sim. "
[1] "Complete 427 sim. "
[1] "Complete 428 sim. "
[1] "Complete 429 sim. "
[1] "Complete 430 sim. "
[1] "Complete 431 sim. "
[1] "Complete 432 sim. "
[1] "Complete 433 sim. "
[1] "Complete 434 sim. "
[1] "Complete 435 sim. "
[1] "Complete 436 sim. "
[1] "Complete 437 sim. "
[1] "Complete 438 sim. "
[1] "Complete 439 sim. "
[1] "Complete 440 sim. "
[1] "Complete 441 sim. "
[1] "Complete 442 sim. "
[1] "Complete 443 sim. "
[1] "Complete 444 sim. "
[1] "Complete 445 sim. "
[1] "Complete 446 sim. "
[1] "Complete 447 sim. "
[1] "Complete 448 sim. "
[1] "Complete 449 sim. "
[1] "Complete 450 sim. "
[1] "Complete 451 sim. "
[1] "Complete 452 sim. "
[1] "Complete 453 sim. "
[1] "Complete 454 sim. "
[1] "Complete 455 sim. "
[1] "Complete 456 sim. "
[1] "Complete 457 sim. "
[1] "Complete 458 sim. "
[1] "Complete 459 sim. "
[1] "Complete 460 sim. "
[1] "Complete 461 sim. "
[1] "Complete 462 sim. "
[1] "Complete 463 sim. "
[1] "Complete 464 sim. "
[1] "Complete 465 sim. "
[1] "Complete 466 sim. "
[1] "Complete 467 sim. "
[1] "Complete 468 sim. "
[1] "Complete 469 sim. "
[1] "Complete 470 sim. "
[1] "Complete 471 sim. "
[1] "Complete 472 sim. "
[1] "Complete 473 sim. "
[1] "Complete 474 sim. "
[1] "Complete 475 sim. "
[1] "Complete 476 sim. "
[1] "Complete 477 sim. "
[1] "Complete 478 sim. "
[1] "Complete 479 sim. "
[1] "Complete 480 sim. "
[1] "Complete 481 sim. "
[1] "Complete 482 sim. "
[1] "Complete 483 sim. "
[1] "Complete 484 sim. "
[1] "Complete 485 sim. "
[1] "Complete 486 sim. "
[1] "Complete 487 sim. "
[1] "Complete 488 sim. "
[1] "Complete 489 sim. "
[1] "Complete 490 sim. "
[1] "Complete 491 sim. "
[1] "Complete 492 sim. "
[1] "Complete 493 sim. "
[1] "Complete 494 sim. "
[1] "Complete 495 sim. "
[1] "Complete 496 sim. "
[1] "Complete 497 sim. "
[1] "Complete 498 sim. "
[1] "Complete 499 sim. "
[1] "Complete 500 sim. "
[1] "Complete 501 sim. "
[1] "Complete 502 sim. "
[1] "Complete 503 sim. "
[1] "Complete 504 sim. "
[1] "Complete 505 sim. "
[1] "Complete 506 sim. "
[1] "Complete 507 sim. "
[1] "Complete 508 sim. "
[1] "Complete 509 sim. "
[1] "Complete 510 sim. "
[1] "Complete 511 sim. "
[1] "Complete 512 sim. "
[1] "Complete 513 sim. "
[1] "Complete 514 sim. "
[1] "Complete 515 sim. "
[1] "Complete 516 sim. "
[1] "Complete 517 sim. "
[1] "Complete 518 sim. "
[1] "Complete 519 sim. "
[1] "Complete 520 sim. "
[1] "Complete 521 sim. "
[1] "Complete 522 sim. "
[1] "Complete 523 sim. "
[1] "Complete 524 sim. "
[1] "Complete 525 sim. "
[1] "Complete 526 sim. "
[1] "Complete 527 sim. "
[1] "Complete 528 sim. "
[1] "Complete 529 sim. "
[1] "Complete 530 sim. "
[1] "Complete 531 sim. "
[1] "Complete 532 sim. "
[1] "Complete 533 sim. "
[1] "Complete 534 sim. "
[1] "Complete 535 sim. "
[1] "Complete 536 sim. "
[1] "Complete 537 sim. "
[1] "Complete 538 sim. "
[1] "Complete 539 sim. "
[1] "Complete 540 sim. "
[1] "Complete 541 sim. "
[1] "Complete 542 sim. "
[1] "Complete 543 sim. "
[1] "Complete 544 sim. "
[1] "Complete 545 sim. "
[1] "Complete 546 sim. "
[1] "Complete 547 sim. "
[1] "Complete 548 sim. "
[1] "Complete 549 sim. "
[1] "Complete 550 sim. "
[1] "Complete 551 sim. "
[1] "Complete 552 sim. "
[1] "Complete 553 sim. "
[1] "Complete 554 sim. "
[1] "Complete 555 sim. "
[1] "Complete 556 sim. "
[1] "Complete 557 sim. "
[1] "Complete 558 sim. "
[1] "Complete 559 sim. "
[1] "Complete 560 sim. "
[1] "Complete 561 sim. "
[1] "Complete 562 sim. "
[1] "Complete 563 sim. "
[1] "Complete 564 sim. "
[1] "Complete 565 sim. "
[1] "Complete 566 sim. "
[1] "Complete 567 sim. "
[1] "Complete 568 sim. "
[1] "Complete 569 sim. "
[1] "Complete 570 sim. "
[1] "Complete 571 sim. "
[1] "Complete 572 sim. "
[1] "Complete 573 sim. "
[1] "Complete 574 sim. "
[1] "Complete 575 sim. "
[1] "Complete 576 sim. "
[1] "Complete 577 sim. "
[1] "Complete 578 sim. "
[1] "Complete 579 sim. "
[1] "Complete 580 sim. "
[1] "Complete 581 sim. "
[1] "Complete 582 sim. "
[1] "Complete 583 sim. "
[1] "Complete 584 sim. "
[1] "Complete 585 sim. "
[1] "Complete 586 sim. "
[1] "Complete 587 sim. "
[1] "Complete 588 sim. "
[1] "Complete 589 sim. "
[1] "Complete 590 sim. "
[1] "Complete 591 sim. "
[1] "Complete 592 sim. "
[1] "Complete 593 sim. "
[1] "Complete 594 sim. "
[1] "Complete 595 sim. "
[1] "Complete 596 sim. "
[1] "Complete 597 sim. "
[1] "Complete 598 sim. "
[1] "Complete 599 sim. "
[1] "Complete 600 sim. "
[1] "Complete 601 sim. "
[1] "Complete 602 sim. "
[1] "Complete 603 sim. "
[1] "Complete 604 sim. "
[1] "Complete 605 sim. "
[1] "Complete 606 sim. "
[1] "Complete 607 sim. "
[1] "Complete 608 sim. "
[1] "Complete 609 sim. "
[1] "Complete 610 sim. "
[1] "Complete 611 sim. "
[1] "Complete 612 sim. "
[1] "Complete 613 sim. "
[1] "Complete 614 sim. "
[1] "Complete 615 sim. "
[1] "Complete 616 sim. "
[1] "Complete 617 sim. "
[1] "Complete 618 sim. "
[1] "Complete 619 sim. "
[1] "Complete 620 sim. "
[1] "Complete 621 sim. "
[1] "Complete 622 sim. "
[1] "Complete 623 sim. "
[1] "Complete 624 sim. "
[1] "Complete 625 sim. "
[1] "Complete 626 sim. "
[1] "Complete 627 sim. "
[1] "Complete 628 sim. "
[1] "Complete 629 sim. "
[1] "Complete 630 sim. "
[1] "Complete 631 sim. "
[1] "Complete 632 sim. "
[1] "Complete 633 sim. "
[1] "Complete 634 sim. "
[1] "Complete 635 sim. "
[1] "Complete 636 sim. "
[1] "Complete 637 sim. "
[1] "Complete 638 sim. "
[1] "Complete 639 sim. "
[1] "Complete 640 sim. "
[1] "Complete 641 sim. "
[1] "Complete 642 sim. "
[1] "Complete 643 sim. "
[1] "Complete 644 sim. "
[1] "Complete 645 sim. "
[1] "Complete 646 sim. "
[1] "Complete 647 sim. "
[1] "Complete 648 sim. "
[1] "Complete 649 sim. "
[1] "Complete 650 sim. "
[1] "Complete 651 sim. "
[1] "Complete 652 sim. "
[1] "Complete 653 sim. "
[1] "Complete 654 sim. "
[1] "Complete 655 sim. "
[1] "Complete 656 sim. "
[1] "Complete 657 sim. "
[1] "Complete 658 sim. "
[1] "Complete 659 sim. "
[1] "Complete 660 sim. "
[1] "Complete 661 sim. "
[1] "Complete 662 sim. "
[1] "Complete 663 sim. "
[1] "Complete 664 sim. "
[1] "Complete 665 sim. "
[1] "Complete 666 sim. "
[1] "Complete 667 sim. "
[1] "Complete 668 sim. "
[1] "Complete 669 sim. "
[1] "Complete 670 sim. "
[1] "Complete 671 sim. "
[1] "Complete 672 sim. "
[1] "Complete 673 sim. "
[1] "Complete 674 sim. "
[1] "Complete 675 sim. "
[1] "Complete 676 sim. "
[1] "Complete 677 sim. "
[1] "Complete 678 sim. "
[1] "Complete 679 sim. "
[1] "Complete 680 sim. "
[1] "Complete 681 sim. "
[1] "Complete 682 sim. "
[1] "Complete 683 sim. "
[1] "Complete 684 sim. "
[1] "Complete 685 sim. "
[1] "Complete 686 sim. "
[1] "Complete 687 sim. "
[1] "Complete 688 sim. "
[1] "Complete 689 sim. "
[1] "Complete 690 sim. "
[1] "Complete 691 sim. "
[1] "Complete 692 sim. "
[1] "Complete 693 sim. "
[1] "Complete 694 sim. "
[1] "Complete 695 sim. "
[1] "Complete 696 sim. "
[1] "Complete 697 sim. "
[1] "Complete 698 sim. "
[1] "Complete 699 sim. "
[1] "Complete 700 sim. "
[1] "Complete 701 sim. "
[1] "Complete 702 sim. "
[1] "Complete 703 sim. "
[1] "Complete 704 sim. "
[1] "Complete 705 sim. "
[1] "Complete 706 sim. "
[1] "Complete 707 sim. "
[1] "Complete 708 sim. "
[1] "Complete 709 sim. "
[1] "Complete 710 sim. "
[1] "Complete 711 sim. "
[1] "Complete 712 sim. "
[1] "Complete 713 sim. "
[1] "Complete 714 sim. "
[1] "Complete 715 sim. "
[1] "Complete 716 sim. "
[1] "Complete 717 sim. "
[1] "Complete 718 sim. "
[1] "Complete 719 sim. "
[1] "Complete 720 sim. "
[1] "Complete 721 sim. "
[1] "Complete 722 sim. "
[1] "Complete 723 sim. "
[1] "Complete 724 sim. "
[1] "Complete 725 sim. "
[1] "Complete 726 sim. "
[1] "Complete 727 sim. "
[1] "Complete 728 sim. "
[1] "Complete 729 sim. "
[1] "Complete 730 sim. "
[1] "Complete 731 sim. "
[1] "Complete 732 sim. "
[1] "Complete 733 sim. "
[1] "Complete 734 sim. "
[1] "Complete 735 sim. "
[1] "Complete 736 sim. "
[1] "Complete 737 sim. "
[1] "Complete 738 sim. "
[1] "Complete 739 sim. "
[1] "Complete 740 sim. "
[1] "Complete 741 sim. "
[1] "Complete 742 sim. "
[1] "Complete 743 sim. "
[1] "Complete 744 sim. "
[1] "Complete 745 sim. "
[1] "Complete 746 sim. "
[1] "Complete 747 sim. "
[1] "Complete 748 sim. "
[1] "Complete 749 sim. "
[1] "Complete 750 sim. "
[1] "Complete 751 sim. "
[1] "Complete 752 sim. "
[1] "Complete 753 sim. "
[1] "Complete 754 sim. "
[1] "Complete 755 sim. "
[1] "Complete 756 sim. "
[1] "Complete 757 sim. "
[1] "Complete 758 sim. "
[1] "Complete 759 sim. "
[1] "Complete 760 sim. "
[1] "Complete 761 sim. "
[1] "Complete 762 sim. "
[1] "Complete 763 sim. "
[1] "Complete 764 sim. "
[1] "Complete 765 sim. "
[1] "Complete 766 sim. "
[1] "Complete 767 sim. "
[1] "Complete 768 sim. "
[1] "Complete 769 sim. "
[1] "Complete 770 sim. "
[1] "Complete 771 sim. "
[1] "Complete 772 sim. "
[1] "Complete 773 sim. "
[1] "Complete 774 sim. "
[1] "Complete 775 sim. "
[1] "Complete 776 sim. "
[1] "Complete 777 sim. "
[1] "Complete 778 sim. "
[1] "Complete 779 sim. "
[1] "Complete 780 sim. "
[1] "Complete 781 sim. "
[1] "Complete 782 sim. "
[1] "Complete 783 sim. "
[1] "Complete 784 sim. "
[1] "Complete 785 sim. "
[1] "Complete 786 sim. "
[1] "Complete 787 sim. "
[1] "Complete 788 sim. "
[1] "Complete 789 sim. "
[1] "Complete 790 sim. "
[1] "Complete 791 sim. "
[1] "Complete 792 sim. "
[1] "Complete 793 sim. "
[1] "Complete 794 sim. "
[1] "Complete 795 sim. "
[1] "Complete 796 sim. "
[1] "Complete 797 sim. "
[1] "Complete 798 sim. "
[1] "Complete 799 sim. "
[1] "Complete 800 sim. "
[1] "Complete 801 sim. "
[1] "Complete 802 sim. "
[1] "Complete 803 sim. "
[1] "Complete 804 sim. "
[1] "Complete 805 sim. "
[1] "Complete 806 sim. "
[1] "Complete 807 sim. "
[1] "Complete 808 sim. "
[1] "Complete 809 sim. "
[1] "Complete 810 sim. "
[1] "Complete 811 sim. "
[1] "Complete 812 sim. "
[1] "Complete 813 sim. "
[1] "Complete 814 sim. "
[1] "Complete 815 sim. "
[1] "Complete 816 sim. "
[1] "Complete 817 sim. "
[1] "Complete 818 sim. "
[1] "Complete 819 sim. "
[1] "Complete 820 sim. "
[1] "Complete 821 sim. "
[1] "Complete 822 sim. "
[1] "Complete 823 sim. "
[1] "Complete 824 sim. "
[1] "Complete 825 sim. "
[1] "Complete 826 sim. "
[1] "Complete 827 sim. "
[1] "Complete 828 sim. "
[1] "Complete 829 sim. "
[1] "Complete 830 sim. "
[1] "Complete 831 sim. "
[1] "Complete 832 sim. "
[1] "Complete 833 sim. "
[1] "Complete 834 sim. "
[1] "Complete 835 sim. "
[1] "Complete 836 sim. "
[1] "Complete 837 sim. "
[1] "Complete 838 sim. "
[1] "Complete 839 sim. "
[1] "Complete 840 sim. "
[1] "Complete 841 sim. "
[1] "Complete 842 sim. "
[1] "Complete 843 sim. "
[1] "Complete 844 sim. "
[1] "Complete 845 sim. "
[1] "Complete 846 sim. "
[1] "Complete 847 sim. "
[1] "Complete 848 sim. "
[1] "Complete 849 sim. "
[1] "Complete 850 sim. "
[1] "Complete 851 sim. "
[1] "Complete 852 sim. "
[1] "Complete 853 sim. "
[1] "Complete 854 sim. "
[1] "Complete 855 sim. "
[1] "Complete 856 sim. "
[1] "Complete 857 sim. "
[1] "Complete 858 sim. "
[1] "Complete 859 sim. "
[1] "Complete 860 sim. "
[1] "Complete 861 sim. "
[1] "Complete 862 sim. "
[1] "Complete 863 sim. "
[1] "Complete 864 sim. "
[1] "Complete 865 sim. "
[1] "Complete 866 sim. "
[1] "Complete 867 sim. "
[1] "Complete 868 sim. "
[1] "Complete 869 sim. "
[1] "Complete 870 sim. "
[1] "Complete 871 sim. "
[1] "Complete 872 sim. "
[1] "Complete 873 sim. "
[1] "Complete 874 sim. "
[1] "Complete 875 sim. "
[1] "Complete 876 sim. "
[1] "Complete 877 sim. "
[1] "Complete 878 sim. "
[1] "Complete 879 sim. "
[1] "Complete 880 sim. "
[1] "Complete 881 sim. "
[1] "Complete 882 sim. "
[1] "Complete 883 sim. "
[1] "Complete 884 sim. "
[1] "Complete 885 sim. "
[1] "Complete 886 sim. "
[1] "Complete 887 sim. "
[1] "Complete 888 sim. "
[1] "Complete 889 sim. "
[1] "Complete 890 sim. "
[1] "Complete 891 sim. "
[1] "Complete 892 sim. "
[1] "Complete 893 sim. "
[1] "Complete 894 sim. "
[1] "Complete 895 sim. "
[1] "Complete 896 sim. "
[1] "Complete 897 sim. "
[1] "Complete 898 sim. "
[1] "Complete 899 sim. "
[1] "Complete 900 sim. "
[1] "Complete 901 sim. "
[1] "Complete 902 sim. "
[1] "Complete 903 sim. "
[1] "Complete 904 sim. "
[1] "Complete 905 sim. "
[1] "Complete 906 sim. "
[1] "Complete 907 sim. "
[1] "Complete 908 sim. "
[1] "Complete 909 sim. "
[1] "Complete 910 sim. "
[1] "Complete 911 sim. "
[1] "Complete 912 sim. "
[1] "Complete 913 sim. "
[1] "Complete 914 sim. "
[1] "Complete 915 sim. "
[1] "Complete 916 sim. "
[1] "Complete 917 sim. "
[1] "Complete 918 sim. "
[1] "Complete 919 sim. "
[1] "Complete 920 sim. "
[1] "Complete 921 sim. "
[1] "Complete 922 sim. "
[1] "Complete 923 sim. "
[1] "Complete 924 sim. "
[1] "Complete 925 sim. "
[1] "Complete 926 sim. "
[1] "Complete 927 sim. "
[1] "Complete 928 sim. "
[1] "Complete 929 sim. "
[1] "Complete 930 sim. "
[1] "Complete 931 sim. "
[1] "Complete 932 sim. "
[1] "Complete 933 sim. "
[1] "Complete 934 sim. "
[1] "Complete 935 sim. "
[1] "Complete 936 sim. "
[1] "Complete 937 sim. "
[1] "Complete 938 sim. "
[1] "Complete 939 sim. "
[1] "Complete 940 sim. "
[1] "Complete 941 sim. "
[1] "Complete 942 sim. "
[1] "Complete 943 sim. "
[1] "Complete 944 sim. "
[1] "Complete 945 sim. "
[1] "Complete 946 sim. "
[1] "Complete 947 sim. "
[1] "Complete 948 sim. "
[1] "Complete 949 sim. "
[1] "Complete 950 sim. "
[1] "Complete 951 sim. "
[1] "Complete 952 sim. "
[1] "Complete 953 sim. "
[1] "Complete 954 sim. "
[1] "Complete 955 sim. "
[1] "Complete 956 sim. "
[1] "Complete 957 sim. "
[1] "Complete 958 sim. "
[1] "Complete 959 sim. "
[1] "Complete 960 sim. "
[1] "Complete 961 sim. "
[1] "Complete 962 sim. "
[1] "Complete 963 sim. "
[1] "Complete 964 sim. "
[1] "Complete 965 sim. "
[1] "Complete 966 sim. "
[1] "Complete 967 sim. "
[1] "Complete 968 sim. "
[1] "Complete 969 sim. "
[1] "Complete 970 sim. "
[1] "Complete 971 sim. "
[1] "Complete 972 sim. "
[1] "Complete 973 sim. "
[1] "Complete 974 sim. "
[1] "Complete 975 sim. "
[1] "Complete 976 sim. "
[1] "Complete 977 sim. "
[1] "Complete 978 sim. "
[1] "Complete 979 sim. "
[1] "Complete 980 sim. "
[1] "Complete 981 sim. "
[1] "Complete 982 sim. "
[1] "Complete 983 sim. "
[1] "Complete 984 sim. "
[1] "Complete 985 sim. "
[1] "Complete 986 sim. "
[1] "Complete 987 sim. "
[1] "Complete 988 sim. "
[1] "Complete 989 sim. "
[1] "Complete 990 sim. "
[1] "Complete 991 sim. "
[1] "Complete 992 sim. "
[1] "Complete 993 sim. "
[1] "Complete 994 sim. "
[1] "Complete 995 sim. "
[1] "Complete 996 sim. "
[1] "Complete 997 sim. "
[1] "Complete 998 sim. "
[1] "Complete 999 sim. "
[1] "Complete 1000 sim. "
[1] "Complete 1001 sim. "
[1] "Complete 1002 sim. "
[1] "Complete 1003 sim. "
[1] "Complete 1004 sim. "
[1] "Complete 1005 sim. "
[1] "Complete 1006 sim. "
[1] "Complete 1007 sim. "
[1] "Complete 1008 sim. "
[1] "Complete 1009 sim. "
[1] "Complete 1010 sim. "
[1] "Complete 1011 sim. "
[1] "Complete 1012 sim. "
[1] "Complete 1013 sim. "
[1] "Complete 1014 sim. "
[1] "Complete 1015 sim. "
[1] "Complete 1016 sim. "
[1] "Complete 1017 sim. "
[1] "Complete 1018 sim. "
[1] "Complete 1019 sim. "
[1] "Complete 1020 sim. "
[1] "Complete 1021 sim. "
[1] "Complete 1022 sim. "
[1] "Complete 1023 sim. "
[1] "Complete 1024 sim. "
[1] "Complete 1025 sim. "
[1] "Complete 1026 sim. "
[1] "Complete 1027 sim. "
[1] "Complete 1028 sim. "
[1] "Complete 1029 sim. "
[1] "Complete 1030 sim. "
[1] "Complete 1031 sim. "
[1] "Complete 1032 sim. "
[1] "Complete 1033 sim. "
[1] "Complete 1034 sim. "
[1] "Complete 1035 sim. "
[1] "Complete 1036 sim. "
[1] "Complete 1037 sim. "
[1] "Complete 1038 sim. "
[1] "Complete 1039 sim. "
[1] "Complete 1040 sim. "
[1] "Complete 1041 sim. "
[1] "Complete 1042 sim. "
[1] "Complete 1043 sim. "
[1] "Complete 1044 sim. "
[1] "Complete 1045 sim. "
[1] "Complete 1046 sim. "
[1] "Complete 1047 sim. "
[1] "Complete 1048 sim. "
[1] "Complete 1049 sim. "
[1] "Complete 1050 sim. "
[1] "Complete 1051 sim. "
[1] "Complete 1052 sim. "
[1] "Complete 1053 sim. "
[1] "Complete 1054 sim. "
[1] "Complete 1055 sim. "
[1] "Complete 1056 sim. "
[1] "Complete 1057 sim. "
[1] "Complete 1058 sim. "
[1] "Complete 1059 sim. "
[1] "Complete 1060 sim. "
[1] "Complete 1061 sim. "
[1] "Complete 1062 sim. "
[1] "Complete 1063 sim. "
[1] "Complete 1064 sim. "
[1] "Complete 1065 sim. "
[1] "Complete 1066 sim. "
[1] "Complete 1067 sim. "
[1] "Complete 1068 sim. "
[1] "Complete 1069 sim. "
[1] "Complete 1070 sim. "
[1] "Complete 1071 sim. "
[1] "Complete 1072 sim. "
[1] "Complete 1073 sim. "
[1] "Complete 1074 sim. "
[1] "Complete 1075 sim. "
[1] "Complete 1076 sim. "
[1] "Complete 1077 sim. "
[1] "Complete 1078 sim. "
[1] "Complete 1079 sim. "
[1] "Complete 1080 sim. "
[1] "Complete 1081 sim. "
[1] "Complete 1082 sim. "
[1] "Complete 1083 sim. "
[1] "Complete 1084 sim. "
[1] "Complete 1085 sim. "
[1] "Complete 1086 sim. "
[1] "Complete 1087 sim. "
[1] "Complete 1088 sim. "
[1] "Complete 1089 sim. "
[1] "Complete 1090 sim. "
[1] "Complete 1091 sim. "
[1] "Complete 1092 sim. "
[1] "Complete 1093 sim. "
[1] "Complete 1094 sim. "
[1] "Complete 1095 sim. "
[1] "Complete 1096 sim. "
[1] "Complete 1097 sim. "
[1] "Complete 1098 sim. "
[1] "Complete 1099 sim. "
[1] "Complete 1100 sim. "
[1] "Complete 1101 sim. "
[1] "Complete 1102 sim. "
[1] "Complete 1103 sim. "
[1] "Complete 1104 sim. "
[1] "Complete 1105 sim. "
[1] "Complete 1106 sim. "
[1] "Complete 1107 sim. "
[1] "Complete 1108 sim. "
[1] "Complete 1109 sim. "
[1] "Complete 1110 sim. "
[1] "Complete 1111 sim. "
[1] "Complete 1112 sim. "
[1] "Complete 1113 sim. "
[1] "Complete 1114 sim. "
[1] "Complete 1115 sim. "
[1] "Complete 1116 sim. "
[1] "Complete 1117 sim. "
[1] "Complete 1118 sim. "
[1] "Complete 1119 sim. "
[1] "Complete 1120 sim. "
[1] "Complete 1121 sim. "
[1] "Complete 1122 sim. "
[1] "Complete 1123 sim. "
[1] "Complete 1124 sim. "
[1] "Complete 1125 sim. "
[1] "Complete 1126 sim. "
[1] "Complete 1127 sim. "
[1] "Complete 1128 sim. "
[1] "Complete 1129 sim. "
[1] "Complete 1130 sim. "
[1] "Complete 1131 sim. "
[1] "Complete 1132 sim. "
[1] "Complete 1133 sim. "
[1] "Complete 1134 sim. "
[1] "Complete 1135 sim. "
[1] "Complete 1136 sim. "
[1] "Complete 1137 sim. "
[1] "Complete 1138 sim. "
[1] "Complete 1139 sim. "
[1] "Complete 1140 sim. "
[1] "Complete 1141 sim. "
[1] "Complete 1142 sim. "
[1] "Complete 1143 sim. "
[1] "Complete 1144 sim. "
[1] "Complete 1145 sim. "
[1] "Complete 1146 sim. "
[1] "Complete 1147 sim. "
[1] "Complete 1148 sim. "
[1] "Complete 1149 sim. "
[1] "Complete 1150 sim. "
[1] "Complete 1151 sim. "
[1] "Complete 1152 sim. "
[1] "Complete 1153 sim. "
[1] "Complete 1154 sim. "
[1] "Complete 1155 sim. "
[1] "Complete 1156 sim. "
[1] "Complete 1157 sim. "
[1] "Complete 1158 sim. "
[1] "Complete 1159 sim. "
[1] "Complete 1160 sim. "
[1] "Complete 1161 sim. "
[1] "Complete 1162 sim. "
[1] "Complete 1163 sim. "
[1] "Complete 1164 sim. "
[1] "Complete 1165 sim. "
[1] "Complete 1166 sim. "
[1] "Complete 1167 sim. "
[1] "Complete 1168 sim. "
[1] "Complete 1169 sim. "
[1] "Complete 1170 sim. "
[1] "Complete 1171 sim. "
[1] "Complete 1172 sim. "
[1] "Complete 1173 sim. "
[1] "Complete 1174 sim. "
[1] "Complete 1175 sim. "
[1] "Complete 1176 sim. "
[1] "Complete 1177 sim. "
[1] "Complete 1178 sim. "
[1] "Complete 1179 sim. "
[1] "Complete 1180 sim. "
[1] "Complete 1181 sim. "
[1] "Complete 1182 sim. "
[1] "Complete 1183 sim. "
[1] "Complete 1184 sim. "
[1] "Complete 1185 sim. "
[1] "Complete 1186 sim. "
[1] "Complete 1187 sim. "
[1] "Complete 1188 sim. "
[1] "Complete 1189 sim. "
[1] "Complete 1190 sim. "
[1] "Complete 1191 sim. "
[1] "Complete 1192 sim. "
[1] "Complete 1193 sim. "
[1] "Complete 1194 sim. "
[1] "Complete 1195 sim. "
[1] "Complete 1196 sim. "
[1] "Complete 1197 sim. "
[1] "Complete 1198 sim. "
[1] "Complete 1199 sim. "
[1] "Complete 1200 sim. "
[1] "Complete 1201 sim. "
[1] "Complete 1202 sim. "
[1] "Complete 1203 sim. "
[1] "Complete 1204 sim. "
[1] "Complete 1205 sim. "
[1] "Complete 1206 sim. "
[1] "Complete 1207 sim. "
[1] "Complete 1208 sim. "
[1] "Complete 1209 sim. "
[1] "Complete 1210 sim. "
[1] "Complete 1211 sim. "
[1] "Complete 1212 sim. "
[1] "Complete 1213 sim. "
[1] "Complete 1214 sim. "
[1] "Complete 1215 sim. "
[1] "Complete 1216 sim. "
[1] "Complete 1217 sim. "
[1] "Complete 1218 sim. "
[1] "Complete 1219 sim. "
[1] "Complete 1220 sim. "
[1] "Complete 1221 sim. "
[1] "Complete 1222 sim. "
[1] "Complete 1223 sim. "
[1] "Complete 1224 sim. "
[1] "Complete 1225 sim. "
[1] "Complete 1226 sim. "
[1] "Complete 1227 sim. "
[1] "Complete 1228 sim. "
[1] "Complete 1229 sim. "
[1] "Complete 1230 sim. "
[1] "Complete 1231 sim. "
[1] "Complete 1232 sim. "
[1] "Complete 1233 sim. "
[1] "Complete 1234 sim. "
[1] "Complete 1235 sim. "
[1] "Complete 1236 sim. "
[1] "Complete 1237 sim. "
[1] "Complete 1238 sim. "
[1] "Complete 1239 sim. "
[1] "Complete 1240 sim. "
[1] "Complete 1241 sim. "
[1] "Complete 1242 sim. "
[1] "Complete 1243 sim. "
[1] "Complete 1244 sim. "
[1] "Complete 1245 sim. "
[1] "Complete 1246 sim. "
[1] "Complete 1247 sim. "
[1] "Complete 1248 sim. "
[1] "Complete 1249 sim. "
[1] "Complete 1250 sim. "
[1] "Complete 1251 sim. "
[1] "Complete 1252 sim. "
[1] "Complete 1253 sim. "
[1] "Complete 1254 sim. "
[1] "Complete 1255 sim. "
[1] "Complete 1256 sim. "
[1] "Complete 1257 sim. "
[1] "Complete 1258 sim. "
[1] "Complete 1259 sim. "
[1] "Complete 1260 sim. "
[1] "Complete 1261 sim. "
[1] "Complete 1262 sim. "
[1] "Complete 1263 sim. "
[1] "Complete 1264 sim. "
[1] "Complete 1265 sim. "
[1] "Complete 1266 sim. "
[1] "Complete 1267 sim. "
[1] "Complete 1268 sim. "
[1] "Complete 1269 sim. "
[1] "Complete 1270 sim. "
[1] "Complete 1271 sim. "
[1] "Complete 1272 sim. "
[1] "Complete 1273 sim. "
[1] "Complete 1274 sim. "
[1] "Complete 1275 sim. "
[1] "Complete 1276 sim. "
[1] "Complete 1277 sim. "
[1] "Complete 1278 sim. "
[1] "Complete 1279 sim. "
[1] "Complete 1280 sim. "
[1] "Complete 1281 sim. "
[1] "Complete 1282 sim. "
[1] "Complete 1283 sim. "
[1] "Complete 1284 sim. "
[1] "Complete 1285 sim. "
[1] "Complete 1286 sim. "
[1] "Complete 1287 sim. "
[1] "Complete 1288 sim. "
[1] "Complete 1289 sim. "
[1] "Complete 1290 sim. "
[1] "Complete 1291 sim. "
[1] "Complete 1292 sim. "
[1] "Complete 1293 sim. "
[1] "Complete 1294 sim. "
[1] "Complete 1295 sim. "
[1] "Complete 1296 sim. "
[1] "Complete 1297 sim. "
[1] "Complete 1298 sim. "
[1] "Complete 1299 sim. "
[1] "Complete 1300 sim. "
[1] "Complete 1301 sim. "
[1] "Complete 1302 sim. "
[1] "Complete 1303 sim. "
[1] "Complete 1304 sim. "
[1] "Complete 1305 sim. "
[1] "Complete 1306 sim. "
[1] "Complete 1307 sim. "
[1] "Complete 1308 sim. "
[1] "Complete 1309 sim. "
[1] "Complete 1310 sim. "
[1] "Complete 1311 sim. "
[1] "Complete 1312 sim. "
[1] "Complete 1313 sim. "
[1] "Complete 1314 sim. "
[1] "Complete 1315 sim. "
[1] "Complete 1316 sim. "
[1] "Complete 1317 sim. "
[1] "Complete 1318 sim. "
[1] "Complete 1319 sim. "
[1] "Complete 1320 sim. "
[1] "Complete 1321 sim. "
[1] "Complete 1322 sim. "
[1] "Complete 1323 sim. "
[1] "Complete 1324 sim. "
[1] "Complete 1325 sim. "
[1] "Complete 1326 sim. "
[1] "Complete 1327 sim. "
[1] "Complete 1328 sim. "
[1] "Complete 1329 sim. "
[1] "Complete 1330 sim. "
[1] "Complete 1331 sim. "
[1] "Complete 1332 sim. "
[1] "Complete 1333 sim. "
[1] "Complete 1334 sim. "
[1] "Complete 1335 sim. "
[1] "Complete 1336 sim. "
[1] "Complete 1337 sim. "
[1] "Complete 1338 sim. "
[1] "Complete 1339 sim. "
[1] "Complete 1340 sim. "
[1] "Complete 1341 sim. "
[1] "Complete 1342 sim. "
[1] "Complete 1343 sim. "
[1] "Complete 1344 sim. "
[1] "Complete 1345 sim. "
[1] "Complete 1346 sim. "
[1] "Complete 1347 sim. "
[1] "Complete 1348 sim. "
[1] "Complete 1349 sim. "
[1] "Complete 1350 sim. "
[1] "Complete 1351 sim. "
[1] "Complete 1352 sim. "
[1] "Complete 1353 sim. "
[1] "Complete 1354 sim. "
[1] "Complete 1355 sim. "
[1] "Complete 1356 sim. "
[1] "Complete 1357 sim. "
[1] "Complete 1358 sim. "
[1] "Complete 1359 sim. "
[1] "Complete 1360 sim. "
[1] "Complete 1361 sim. "
[1] "Complete 1362 sim. "
[1] "Complete 1363 sim. "
[1] "Complete 1364 sim. "
[1] "Complete 1365 sim. "
[1] "Complete 1366 sim. "
[1] "Complete 1367 sim. "
[1] "Complete 1368 sim. "
[1] "Complete 1369 sim. "
[1] "Complete 1370 sim. "
[1] "Complete 1371 sim. "
[1] "Complete 1372 sim. "
[1] "Complete 1373 sim. "
[1] "Complete 1374 sim. "
[1] "Complete 1375 sim. "
[1] "Complete 1376 sim. "
[1] "Complete 1377 sim. "
[1] "Complete 1378 sim. "
[1] "Complete 1379 sim. "
[1] "Complete 1380 sim. "
[1] "Complete 1381 sim. "
[1] "Complete 1382 sim. "
[1] "Complete 1383 sim. "
[1] "Complete 1384 sim. "
[1] "Complete 1385 sim. "
[1] "Complete 1386 sim. "
[1] "Complete 1387 sim. "
[1] "Complete 1388 sim. "
[1] "Complete 1389 sim. "
[1] "Complete 1390 sim. "
[1] "Complete 1391 sim. "
[1] "Complete 1392 sim. "
[1] "Complete 1393 sim. "
[1] "Complete 1394 sim. "
[1] "Complete 1395 sim. "
[1] "Complete 1396 sim. "
[1] "Complete 1397 sim. "
[1] "Complete 1398 sim. "
[1] "Complete 1399 sim. "
[1] "Complete 1400 sim. "
[1] "Complete 1401 sim. "
[1] "Complete 1402 sim. "
[1] "Complete 1403 sim. "
[1] "Complete 1404 sim. "
[1] "Complete 1405 sim. "
[1] "Complete 1406 sim. "
[1] "Complete 1407 sim. "
[1] "Complete 1408 sim. "
[1] "Complete 1409 sim. "
[1] "Complete 1410 sim. "
[1] "Complete 1411 sim. "
[1] "Complete 1412 sim. "
[1] "Complete 1413 sim. "
[1] "Complete 1414 sim. "
[1] "Complete 1415 sim. "
[1] "Complete 1416 sim. "
[1] "Complete 1417 sim. "
[1] "Complete 1418 sim. "
[1] "Complete 1419 sim. "
[1] "Complete 1420 sim. "
[1] "Complete 1421 sim. "
[1] "Complete 1422 sim. "
[1] "Complete 1423 sim. "
[1] "Complete 1424 sim. "
[1] "Complete 1425 sim. "
[1] "Complete 1426 sim. "
[1] "Complete 1427 sim. "
[1] "Complete 1428 sim. "
[1] "Complete 1429 sim. "
[1] "Complete 1430 sim. "
[1] "Complete 1431 sim. "
[1] "Complete 1432 sim. "
[1] "Complete 1433 sim. "
[1] "Complete 1434 sim. "
[1] "Complete 1435 sim. "
[1] "Complete 1436 sim. "
[1] "Complete 1437 sim. "
[1] "Complete 1438 sim. "
[1] "Complete 1439 sim. "
[1] "Complete 1440 sim. "
[1] "Complete 1441 sim. "
[1] "Complete 1442 sim. "
[1] "Complete 1443 sim. "
[1] "Complete 1444 sim. "
[1] "Complete 1445 sim. "
[1] "Complete 1446 sim. "
[1] "Complete 1447 sim. "
[1] "Complete 1448 sim. "
[1] "Complete 1449 sim. "
[1] "Complete 1450 sim. "
[1] "Complete 1451 sim. "
[1] "Complete 1452 sim. "
[1] "Complete 1453 sim. "
[1] "Complete 1454 sim. "
[1] "Complete 1455 sim. "
[1] "Complete 1456 sim. "
[1] "Complete 1457 sim. "
[1] "Complete 1458 sim. "
[1] "Complete 1459 sim. "
[1] "Complete 1460 sim. "
[1] "Complete 1461 sim. "
[1] "Complete 1462 sim. "
[1] "Complete 1463 sim. "
[1] "Complete 1464 sim. "
[1] "Complete 1465 sim. "
[1] "Complete 1466 sim. "
[1] "Complete 1467 sim. "
[1] "Complete 1468 sim. "
[1] "Complete 1469 sim. "
[1] "Complete 1470 sim. "
[1] "Complete 1471 sim. "
[1] "Complete 1472 sim. "
[1] "Complete 1473 sim. "
[1] "Complete 1474 sim. "
[1] "Complete 1475 sim. "
[1] "Complete 1476 sim. "
[1] "Complete 1477 sim. "
[1] "Complete 1478 sim. "
[1] "Complete 1479 sim. "
[1] "Complete 1480 sim. "
[1] "Complete 1481 sim. "
[1] "Complete 1482 sim. "
[1] "Complete 1483 sim. "
[1] "Complete 1484 sim. "
[1] "Complete 1485 sim. "
[1] "Complete 1486 sim. "
[1] "Complete 1487 sim. "
[1] "Complete 1488 sim. "
[1] "Complete 1489 sim. "
[1] "Complete 1490 sim. "
[1] "Complete 1491 sim. "
[1] "Complete 1492 sim. "
[1] "Complete 1493 sim. "
[1] "Complete 1494 sim. "
[1] "Complete 1495 sim. "
[1] "Complete 1496 sim. "
[1] "Complete 1497 sim. "
[1] "Complete 1498 sim. "
[1] "Complete 1499 sim. "
[1] "Complete 1500 sim. "
[1] "Complete 1501 sim. "
[1] "Complete 1502 sim. "
[1] "Complete 1503 sim. "
[1] "Complete 1504 sim. "
[1] "Complete 1505 sim. "
[1] "Complete 1506 sim. "
[1] "Complete 1507 sim. "
[1] "Complete 1508 sim. "
[1] "Complete 1509 sim. "
[1] "Complete 1510 sim. "
[1] "Complete 1511 sim. "
[1] "Complete 1512 sim. "
[1] "Complete 1513 sim. "
[1] "Complete 1514 sim. "
[1] "Complete 1515 sim. "
[1] "Complete 1516 sim. "
[1] "Complete 1517 sim. "
[1] "Complete 1518 sim. "
[1] "Complete 1519 sim. "
[1] "Complete 1520 sim. "
[1] "Complete 1521 sim. "
[1] "Complete 1522 sim. "
[1] "Complete 1523 sim. "
[1] "Complete 1524 sim. "
[1] "Complete 1525 sim. "
[1] "Complete 1526 sim. "
[1] "Complete 1527 sim. "
[1] "Complete 1528 sim. "
[1] "Complete 1529 sim. "
[1] "Complete 1530 sim. "
[1] "Complete 1531 sim. "
[1] "Complete 1532 sim. "
[1] "Complete 1533 sim. "
[1] "Complete 1534 sim. "
[1] "Complete 1535 sim. "
[1] "Complete 1536 sim. "
[1] "Complete 1537 sim. "
[1] "Complete 1538 sim. "
[1] "Complete 1539 sim. "
[1] "Complete 1540 sim. "
[1] "Complete 1541 sim. "
[1] "Complete 1542 sim. "
[1] "Complete 1543 sim. "
[1] "Complete 1544 sim. "
[1] "Complete 1545 sim. "
[1] "Complete 1546 sim. "
[1] "Complete 1547 sim. "
[1] "Complete 1548 sim. "
[1] "Complete 1549 sim. "
[1] "Complete 1550 sim. "
[1] "Complete 1551 sim. "
[1] "Complete 1552 sim. "
[1] "Complete 1553 sim. "
[1] "Complete 1554 sim. "
[1] "Complete 1555 sim. "
[1] "Complete 1556 sim. "
[1] "Complete 1557 sim. "
[1] "Complete 1558 sim. "
[1] "Complete 1559 sim. "
[1] "Complete 1560 sim. "
[1] "Complete 1561 sim. "
[1] "Complete 1562 sim. "
[1] "Complete 1563 sim. "
[1] "Complete 1564 sim. "
[1] "Complete 1565 sim. "
[1] "Complete 1566 sim. "
[1] "Complete 1567 sim. "
[1] "Complete 1568 sim. "
[1] "Complete 1569 sim. "
[1] "Complete 1570 sim. "
[1] "Complete 1571 sim. "
[1] "Complete 1572 sim. "
[1] "Complete 1573 sim. "
[1] "Complete 1574 sim. "
[1] "Complete 1575 sim. "
[1] "Complete 1576 sim. "
[1] "Complete 1577 sim. "
[1] "Complete 1578 sim. "
[1] "Complete 1579 sim. "
[1] "Complete 1580 sim. "
[1] "Complete 1581 sim. "
[1] "Complete 1582 sim. "
[1] "Complete 1583 sim. "
[1] "Complete 1584 sim. "
[1] "Complete 1585 sim. "
[1] "Complete 1586 sim. "
[1] "Complete 1587 sim. "
[1] "Complete 1588 sim. "
[1] "Complete 1589 sim. "
[1] "Complete 1590 sim. "
[1] "Complete 1591 sim. "
[1] "Complete 1592 sim. "
[1] "Complete 1593 sim. "
[1] "Complete 1594 sim. "
[1] "Complete 1595 sim. "
[1] "Complete 1596 sim. "
[1] "Complete 1597 sim. "
[1] "Complete 1598 sim. "
[1] "Complete 1599 sim. "
[1] "Complete 1600 sim. "
[1] "Complete 1601 sim. "
[1] "Complete 1602 sim. "
[1] "Complete 1603 sim. "
[1] "Complete 1604 sim. "
[1] "Complete 1605 sim. "
[1] "Complete 1606 sim. "
[1] "Complete 1607 sim. "
[1] "Complete 1608 sim. "
[1] "Complete 1609 sim. "
[1] "Complete 1610 sim. "
[1] "Complete 1611 sim. "
[1] "Complete 1612 sim. "
[1] "Complete 1613 sim. "
[1] "Complete 1614 sim. "
[1] "Complete 1615 sim. "
[1] "Complete 1616 sim. "
[1] "Complete 1617 sim. "
[1] "Complete 1618 sim. "
[1] "Complete 1619 sim. "
[1] "Complete 1620 sim. "
[1] "Complete 1621 sim. "
[1] "Complete 1622 sim. "
[1] "Complete 1623 sim. "
[1] "Complete 1624 sim. "
[1] "Complete 1625 sim. "
[1] "Complete 1626 sim. "
[1] "Complete 1627 sim. "
[1] "Complete 1628 sim. "
[1] "Complete 1629 sim. "
[1] "Complete 1630 sim. "
[1] "Complete 1631 sim. "
[1] "Complete 1632 sim. "
[1] "Complete 1633 sim. "
[1] "Complete 1634 sim. "
[1] "Complete 1635 sim. "
[1] "Complete 1636 sim. "
[1] "Complete 1637 sim. "
[1] "Complete 1638 sim. "
[1] "Complete 1639 sim. "
[1] "Complete 1640 sim. "
[1] "Complete 1641 sim. "
[1] "Complete 1642 sim. "
[1] "Complete 1643 sim. "
[1] "Complete 1644 sim. "
[1] "Complete 1645 sim. "
[1] "Complete 1646 sim. "
[1] "Complete 1647 sim. "
[1] "Complete 1648 sim. "
[1] "Complete 1649 sim. "
[1] "Complete 1650 sim. "
[1] "Complete 1651 sim. "
[1] "Complete 1652 sim. "
[1] "Complete 1653 sim. "
[1] "Complete 1654 sim. "
[1] "Complete 1655 sim. "
[1] "Complete 1656 sim. "
[1] "Complete 1657 sim. "
[1] "Complete 1658 sim. "
[1] "Complete 1659 sim. "
[1] "Complete 1660 sim. "
[1] "Complete 1661 sim. "
[1] "Complete 1662 sim. "
[1] "Complete 1663 sim. "
[1] "Complete 1664 sim. "
[1] "Complete 1665 sim. "
[1] "Complete 1666 sim. "
[1] "Complete 1667 sim. "
[1] "Complete 1668 sim. "
[1] "Complete 1669 sim. "
[1] "Complete 1670 sim. "
[1] "Complete 1671 sim. "
[1] "Complete 1672 sim. "
[1] "Complete 1673 sim. "
[1] "Complete 1674 sim. "
[1] "Complete 1675 sim. "
[1] "Complete 1676 sim. "
[1] "Complete 1677 sim. "
[1] "Complete 1678 sim. "
[1] "Complete 1679 sim. "
[1] "Complete 1680 sim. "
[1] "Complete 1681 sim. "
[1] "Complete 1682 sim. "
[1] "Complete 1683 sim. "
[1] "Complete 1684 sim. "
[1] "Complete 1685 sim. "
[1] "Complete 1686 sim. "
[1] "Complete 1687 sim. "
[1] "Complete 1688 sim. "
[1] "Complete 1689 sim. "
[1] "Complete 1690 sim. "
[1] "Complete 1691 sim. "
[1] "Complete 1692 sim. "
[1] "Complete 1693 sim. "
[1] "Complete 1694 sim. "
[1] "Complete 1695 sim. "
[1] "Complete 1696 sim. "
[1] "Complete 1697 sim. "
[1] "Complete 1698 sim. "
[1] "Complete 1699 sim. "
[1] "Complete 1700 sim. "
[1] "Complete 1701 sim. "
[1] "Complete 1702 sim. "
[1] "Complete 1703 sim. "
[1] "Complete 1704 sim. "
[1] "Complete 1705 sim. "
[1] "Complete 1706 sim. "
[1] "Complete 1707 sim. "
[1] "Complete 1708 sim. "
[1] "Complete 1709 sim. "
[1] "Complete 1710 sim. "
[1] "Complete 1711 sim. "
[1] "Complete 1712 sim. "
[1] "Complete 1713 sim. "
[1] "Complete 1714 sim. "
[1] "Complete 1715 sim. "
[1] "Complete 1716 sim. "
[1] "Complete 1717 sim. "
[1] "Complete 1718 sim. "
[1] "Complete 1719 sim. "
[1] "Complete 1720 sim. "
[1] "Complete 1721 sim. "
[1] "Complete 1722 sim. "
[1] "Complete 1723 sim. "
[1] "Complete 1724 sim. "
[1] "Complete 1725 sim. "
[1] "Complete 1726 sim. "
[1] "Complete 1727 sim. "
[1] "Complete 1728 sim. "
[1] "Complete 1729 sim. "
[1] "Complete 1730 sim. "
[1] "Complete 1731 sim. "
[1] "Complete 1732 sim. "
[1] "Complete 1733 sim. "
[1] "Complete 1734 sim. "
[1] "Complete 1735 sim. "
[1] "Complete 1736 sim. "
[1] "Complete 1737 sim. "
[1] "Complete 1738 sim. "
[1] "Complete 1739 sim. "
[1] "Complete 1740 sim. "
[1] "Complete 1741 sim. "
[1] "Complete 1742 sim. "
[1] "Complete 1743 sim. "
[1] "Complete 1744 sim. "
[1] "Complete 1745 sim. "
[1] "Complete 1746 sim. "
[1] "Complete 1747 sim. "
[1] "Complete 1748 sim. "
[1] "Complete 1749 sim. "
[1] "Complete 1750 sim. "
[1] "Complete 1751 sim. "
[1] "Complete 1752 sim. "
[1] "Complete 1753 sim. "
[1] "Complete 1754 sim. "
[1] "Complete 1755 sim. "
[1] "Complete 1756 sim. "
[1] "Complete 1757 sim. "
[1] "Complete 1758 sim. "
[1] "Complete 1759 sim. "
[1] "Complete 1760 sim. "
[1] "Complete 1761 sim. "
[1] "Complete 1762 sim. "
[1] "Complete 1763 sim. "
[1] "Complete 1764 sim. "
[1] "Complete 1765 sim. "
[1] "Complete 1766 sim. "
[1] "Complete 1767 sim. "
[1] "Complete 1768 sim. "
[1] "Complete 1769 sim. "
[1] "Complete 1770 sim. "
[1] "Complete 1771 sim. "
[1] "Complete 1772 sim. "
[1] "Complete 1773 sim. "
[1] "Complete 1774 sim. "
[1] "Complete 1775 sim. "
[1] "Complete 1776 sim. "
[1] "Complete 1777 sim. "
[1] "Complete 1778 sim. "
[1] "Complete 1779 sim. "
[1] "Complete 1780 sim. "
[1] "Complete 1781 sim. "
[1] "Complete 1782 sim. "
[1] "Complete 1783 sim. "
[1] "Complete 1784 sim. "
[1] "Complete 1785 sim. "
[1] "Complete 1786 sim. "
[1] "Complete 1787 sim. "
[1] "Complete 1788 sim. "
[1] "Complete 1789 sim. "
[1] "Complete 1790 sim. "
[1] "Complete 1791 sim. "
[1] "Complete 1792 sim. "
[1] "Complete 1793 sim. "
[1] "Complete 1794 sim. "
[1] "Complete 1795 sim. "
[1] "Complete 1796 sim. "
[1] "Complete 1797 sim. "
[1] "Complete 1798 sim. "
[1] "Complete 1799 sim. "
[1] "Complete 1800 sim. "
[1] "Complete 1801 sim. "
[1] "Complete 1802 sim. "
[1] "Complete 1803 sim. "
[1] "Complete 1804 sim. "
[1] "Complete 1805 sim. "
[1] "Complete 1806 sim. "
[1] "Complete 1807 sim. "
[1] "Complete 1808 sim. "
[1] "Complete 1809 sim. "
[1] "Complete 1810 sim. "
[1] "Complete 1811 sim. "
[1] "Complete 1812 sim. "
[1] "Complete 1813 sim. "
[1] "Complete 1814 sim. "
[1] "Complete 1815 sim. "
[1] "Complete 1816 sim. "
[1] "Complete 1817 sim. "
[1] "Complete 1818 sim. "
[1] "Complete 1819 sim. "
[1] "Complete 1820 sim. "
[1] "Complete 1821 sim. "
[1] "Complete 1822 sim. "
[1] "Complete 1823 sim. "
[1] "Complete 1824 sim. "
[1] "Complete 1825 sim. "
[1] "Complete 1826 sim. "
[1] "Complete 1827 sim. "
[1] "Complete 1828 sim. "
[1] "Complete 1829 sim. "
[1] "Complete 1830 sim. "
[1] "Complete 1831 sim. "
[1] "Complete 1832 sim. "
[1] "Complete 1833 sim. "
[1] "Complete 1834 sim. "
[1] "Complete 1835 sim. "
[1] "Complete 1836 sim. "
[1] "Complete 1837 sim. "
[1] "Complete 1838 sim. "
[1] "Complete 1839 sim. "
[1] "Complete 1840 sim. "
[1] "Complete 1841 sim. "
[1] "Complete 1842 sim. "
[1] "Complete 1843 sim. "
[1] "Complete 1844 sim. "
[1] "Complete 1845 sim. "
[1] "Complete 1846 sim. "
[1] "Complete 1847 sim. "
[1] "Complete 1848 sim. "
[1] "Complete 1849 sim. "
[1] "Complete 1850 sim. "
[1] "Complete 1851 sim. "
[1] "Complete 1852 sim. "
[1] "Complete 1853 sim. "
[1] "Complete 1854 sim. "
[1] "Complete 1855 sim. "
[1] "Complete 1856 sim. "
[1] "Complete 1857 sim. "
[1] "Complete 1858 sim. "
[1] "Complete 1859 sim. "
[1] "Complete 1860 sim. "
[1] "Complete 1861 sim. "
[1] "Complete 1862 sim. "
[1] "Complete 1863 sim. "
[1] "Complete 1864 sim. "
[1] "Complete 1865 sim. "
[1] "Complete 1866 sim. "
[1] "Complete 1867 sim. "
[1] "Complete 1868 sim. "
[1] "Complete 1869 sim. "
[1] "Complete 1870 sim. "
[1] "Complete 1871 sim. "
[1] "Complete 1872 sim. "
[1] "Complete 1873 sim. "
[1] "Complete 1874 sim. "
[1] "Complete 1875 sim. "
[1] "Complete 1876 sim. "
[1] "Complete 1877 sim. "
[1] "Complete 1878 sim. "
[1] "Complete 1879 sim. "
[1] "Complete 1880 sim. "
[1] "Complete 1881 sim. "
[1] "Complete 1882 sim. "
[1] "Complete 1883 sim. "
[1] "Complete 1884 sim. "
[1] "Complete 1885 sim. "
[1] "Complete 1886 sim. "
[1] "Complete 1887 sim. "
[1] "Complete 1888 sim. "
[1] "Complete 1889 sim. "
[1] "Complete 1890 sim. "
[1] "Complete 1891 sim. "
[1] "Complete 1892 sim. "
[1] "Complete 1893 sim. "
[1] "Complete 1894 sim. "
[1] "Complete 1895 sim. "
[1] "Complete 1896 sim. "
[1] "Complete 1897 sim. "
[1] "Complete 1898 sim. "
[1] "Complete 1899 sim. "
[1] "Complete 1900 sim. "
[1] "Complete 1901 sim. "
[1] "Complete 1902 sim. "
[1] "Complete 1903 sim. "
[1] "Complete 1904 sim. "
[1] "Complete 1905 sim. "
[1] "Complete 1906 sim. "
[1] "Complete 1907 sim. "
[1] "Complete 1908 sim. "
[1] "Complete 1909 sim. "
[1] "Complete 1910 sim. "
[1] "Complete 1911 sim. "
[1] "Complete 1912 sim. "
[1] "Complete 1913 sim. "
[1] "Complete 1914 sim. "
[1] "Complete 1915 sim. "
[1] "Complete 1916 sim. "
[1] "Complete 1917 sim. "
[1] "Complete 1918 sim. "
[1] "Complete 1919 sim. "
[1] "Complete 1920 sim. "
[1] "Complete 1921 sim. "
[1] "Complete 1922 sim. "
[1] "Complete 1923 sim. "
[1] "Complete 1924 sim. "
[1] "Complete 1925 sim. "
[1] "Complete 1926 sim. "
[1] "Complete 1927 sim. "
[1] "Complete 1928 sim. "
[1] "Complete 1929 sim. "
[1] "Complete 1930 sim. "
[1] "Complete 1931 sim. "
[1] "Complete 1932 sim. "
[1] "Complete 1933 sim. "
[1] "Complete 1934 sim. "
[1] "Complete 1935 sim. "
[1] "Complete 1936 sim. "
[1] "Complete 1937 sim. "
[1] "Complete 1938 sim. "
[1] "Complete 1939 sim. "
[1] "Complete 1940 sim. "
[1] "Complete 1941 sim. "
[1] "Complete 1942 sim. "
[1] "Complete 1943 sim. "
[1] "Complete 1944 sim. "
[1] "Complete 1945 sim. "
[1] "Complete 1946 sim. "
[1] "Complete 1947 sim. "
[1] "Complete 1948 sim. "
[1] "Complete 1949 sim. "
[1] "Complete 1950 sim. "
[1] "Complete 1951 sim. "
[1] "Complete 1952 sim. "
[1] "Complete 1953 sim. "
[1] "Complete 1954 sim. "
[1] "Complete 1955 sim. "
[1] "Complete 1956 sim. "
[1] "Complete 1957 sim. "
[1] "Complete 1958 sim. "
[1] "Complete 1959 sim. "
[1] "Complete 1960 sim. "
[1] "Complete 1961 sim. "
[1] "Complete 1962 sim. "
[1] "Complete 1963 sim. "
[1] "Complete 1964 sim. "
[1] "Complete 1965 sim. "
[1] "Complete 1966 sim. "
[1] "Complete 1967 sim. "
[1] "Complete 1968 sim. "
[1] "Complete 1969 sim. "
[1] "Complete 1970 sim. "
[1] "Complete 1971 sim. "
[1] "Complete 1972 sim. "
[1] "Complete 1973 sim. "
[1] "Complete 1974 sim. "
[1] "Complete 1975 sim. "
[1] "Complete 1976 sim. "
[1] "Complete 1977 sim. "
[1] "Complete 1978 sim. "
[1] "Complete 1979 sim. "
[1] "Complete 1980 sim. "
[1] "Complete 1981 sim. "
[1] "Complete 1982 sim. "
[1] "Complete 1983 sim. "
[1] "Complete 1984 sim. "
[1] "Complete 1985 sim. "
[1] "Complete 1986 sim. "
[1] "Complete 1987 sim. "
[1] "Complete 1988 sim. "
[1] "Complete 1989 sim. "
[1] "Complete 1990 sim. "
[1] "Complete 1991 sim. "
[1] "Complete 1992 sim. "
[1] "Complete 1993 sim. "
[1] "Complete 1994 sim. "
[1] "Complete 1995 sim. "
[1] "Complete 1996 sim. "
[1] "Complete 1997 sim. "
[1] "Complete 1998 sim. "
[1] "Complete 1999 sim. "
[1] "Complete 2000 sim. "
